Using pre-set license
Built from '2021.3/staging' branch; Version is '2021.3.7f1 (24e8595d6d43) revision 2418777'; Using compiler version '192829333'; Build Type 'Release'
OS: 'Windows 11  (10.0.22621) 64bit Core' Language: 'en' Physical Memory: 8063 MB
BatchMode: 1, IsHumanControllingUs: 0, StartBugReporterOnCrash: 0, Is64bit: 1, IsPro: 1

COMMAND LINE ARGUMENTS:
C:\Program Files\Unity\Hub\Editor\2021.3.7f1\Editor\Unity.exe
-adb2
-batchMode
-noUpm
-name
AssetImportWorker2
-projectPath
E:/Games/My Games/Griddy Ahh Game
-logFile
Logs/AssetImportWorker2.log
-srvPort
55796
Successfully changed project path to: E:/Games/My Games/Griddy Ahh Game
E:/Games/My Games/Griddy Ahh Game
[UnityMemory] Configuration Parameters - Can be set up in boot.config
    "memorysetup-bucket-allocator-granularity=16"
    "memorysetup-bucket-allocator-bucket-count=8"
    "memorysetup-bucket-allocator-block-size=33554432"
    "memorysetup-bucket-allocator-block-count=8"
    "memorysetup-main-allocator-block-size=16777216"
    "memorysetup-thread-allocator-block-size=16777216"
    "memorysetup-gfx-main-allocator-block-size=16777216"
    "memorysetup-gfx-thread-allocator-block-size=16777216"
    "memorysetup-cache-allocator-block-size=4194304"
    "memorysetup-typetree-allocator-block-size=2097152"
    "memorysetup-profiler-bucket-allocator-granularity=16"
    "memorysetup-profiler-bucket-allocator-bucket-count=8"
    "memorysetup-profiler-bucket-allocator-block-size=33554432"
    "memorysetup-profiler-bucket-allocator-block-count=8"
    "memorysetup-profiler-allocator-block-size=16777216"
    "memorysetup-profiler-editor-allocator-block-size=1048576"
    "memorysetup-temp-allocator-size-main=16777216"
    "memorysetup-job-temp-allocator-block-size=2097152"
    "memorysetup-job-temp-allocator-block-size-background=1048576"
    "memorysetup-job-temp-allocator-reduction-small-platforms=262144"
    "memorysetup-temp-allocator-size-background-worker=32768"
    "memorysetup-temp-allocator-size-job-worker=262144"
    "memorysetup-temp-allocator-size-preload-manager=33554432"
    "memorysetup-temp-allocator-size-nav-mesh-worker=65536"
    "memorysetup-temp-allocator-size-audio-worker=65536"
    "memorysetup-temp-allocator-size-cloud-worker=32768"
    "memorysetup-temp-allocator-size-gi-baking-worker=262144"
    "memorysetup-temp-allocator-size-gfx=262144"
Refreshing native plugins compatible for Editor in 210.46 ms, found 3 plugins.
Preloading 0 native plugins for Editor in 0.00 ms.
Initialize engine version: 2021.3.7f1 (24e8595d6d43)
[Subsystems] Discovering subsystems at path C:/Program Files/Unity/Hub/Editor/2021.3.7f1/Editor/Data/Resources/UnitySubsystems
[Subsystems] Discovering subsystems at path E:/Games/My Games/Griddy Ahh Game/Assets
GfxDevice: creating device client; threaded=0; jobified=0
Direct3D:
    Version:  Direct3D 11.0 [level 11.1]
    Renderer: Intel(R) UHD Graphics 630 (ID=0x3e9b)
    Vendor:   Intel
    VRAM:     4031 MB
Initialize mono
Mono path[0] = 'C:/Program Files/Unity/Hub/Editor/2021.3.7f1/Editor/Data/Managed'
Mono path[1] = 'C:/Program Files/Unity/Hub/Editor/2021.3.7f1/Editor/Data/MonoBleedingEdge/lib/mono/unityjit-win32'
Mono config path = 'C:/Program Files/Unity/Hub/Editor/2021.3.7f1/Editor/Data/MonoBleedingEdge/etc'
Using monoOptions --debugger-agent=transport=dt_socket,embedding=1,server=y,suspend=n,address=127.0.0.1:56768
Begin MonoManager ReloadAssembly
Registering precompiled unity dll's ...
Register platform support module: C:/Program Files/Unity/Hub/Editor/2021.3.7f1/Editor/Data/PlaybackEngines/WebGLSupport/UnityEditor.WebGL.Extensions.dll
Register platform support module: C:/Program Files/Unity/Hub/Editor/2021.3.7f1/Editor/Data/PlaybackEngines/WindowsStandaloneSupport/UnityEditor.WindowsStandalone.Extensions.dll
Registered in 0.008351 seconds.
Native extension for WindowsStandalone target not found
Native extension for WebGL target not found
Refreshing native plugins compatible for Editor in 93.47 ms, found 3 plugins.
Preloading 0 native plugins for Editor in 0.00 ms.
Mono: successfully reloaded assembly
- Completed reload, in  0.792 seconds
Domain Reload Profiling:
	ReloadAssembly (792ms)
		BeginReloadAssembly (92ms)
			ExecutionOrderSort (0ms)
			DisableScriptedObjects (0ms)
			BackupInstance (0ms)
			ReleaseScriptingObjects (0ms)
			CreateAndSetChildDomain (1ms)
		EndReloadAssembly (573ms)
			LoadAssemblies (89ms)
			RebuildTransferFunctionScriptingTraits (0ms)
			SetupTypeCache (135ms)
			ReleaseScriptCaches (0ms)
			RebuildScriptCaches (47ms)
			SetupLoadedEditorAssemblies (339ms)
				LogAssemblyErrors (0ms)
				InitializePlatformSupportModulesInManaged (14ms)
				SetLoadedEditorAssemblies (0ms)
				RefreshPlugins (94ms)
				BeforeProcessingInitializeOnLoad (2ms)
				ProcessInitializeOnLoadAttributes (177ms)
				ProcessInitializeOnLoadMethodAttributes (53ms)
				AfterProcessingInitializeOnLoad (0ms)
				EditorAssembliesLoaded (0ms)
			ExecutionOrderSort2 (0ms)
			AwakeInstancesAfterBackupRestoration (0ms)
Platform modules already initialized, skipping
Registering precompiled user dll's ...
Registered in 0.006790 seconds.
Begin MonoManager ReloadAssembly
Symbol file LoadedFromMemory doesn't match image E:\Games\My Games\Griddy Ahh Game\Library\PackageCache\com.unity.visualscripting@1.7.8\Editor\VisualScripting.Core\Dependencies\YamlDotNet\Unity.VisualScripting.YamlDotNet.dll
Symbol file LoadedFromMemory doesn't match image E:\Games\My Games\Griddy Ahh Game\Library\PackageCache\com.unity.visualscripting@1.7.8\Editor\VisualScripting.Core\Dependencies\DotNetZip\Unity.VisualScripting.IonicZip.dll
Native extension for WindowsStandalone target not found
Native extension for WebGL target not found
Refreshing native plugins compatible for Editor in 0.54 ms, found 3 plugins.
Preloading 0 native plugins for Editor in 0.00 ms.
Mono: successfully reloaded assembly
- Completed reload, in  2.760 seconds
Domain Reload Profiling:
	ReloadAssembly (2761ms)
		BeginReloadAssembly (205ms)
			ExecutionOrderSort (0ms)
			DisableScriptedObjects (7ms)
			BackupInstance (0ms)
			ReleaseScriptingObjects (0ms)
			CreateAndSetChildDomain (29ms)
		EndReloadAssembly (2237ms)
			LoadAssemblies (1286ms)
			RebuildTransferFunctionScriptingTraits (0ms)
			SetupTypeCache (420ms)
			ReleaseScriptCaches (1ms)
			RebuildScriptCaches (56ms)
			SetupLoadedEditorAssemblies (445ms)
				LogAssemblyErrors (0ms)
				InitializePlatformSupportModulesInManaged (8ms)
				SetLoadedEditorAssemblies (0ms)
				RefreshPlugins (1ms)
				BeforeProcessingInitializeOnLoad (97ms)
				ProcessInitializeOnLoadAttributes (293ms)
				ProcessInitializeOnLoadMethodAttributes (38ms)
				AfterProcessingInitializeOnLoad (8ms)
				EditorAssembliesLoaded (0ms)
			ExecutionOrderSort2 (0ms)
			AwakeInstancesAfterBackupRestoration (7ms)
Platform modules already initialized, skipping
========================================================================
Worker process is ready to serve import requests
Launched and connected shader compiler UnityShaderCompiler.exe after 0.07 seconds
Refreshing native plugins compatible for Editor in 0.52 ms, found 3 plugins.
Preloading 0 native plugins for Editor in 0.00 ms.
Unloading 3377 Unused Serialized files (Serialized files now loaded: 0)
Unloading 27 unused Assets / (110.9 KB). Loaded Objects now: 3835.
Memory consumption went from 116.4 MB to 116.3 MB.
Total: 5.137000 ms (FindLiveObjects: 0.366600 ms CreateObjectMapping: 0.355700 ms MarkObjects: 3.404500 ms  DeleteObjects: 1.009400 ms)

AssetImportParameters requested are different than current active one (requested -> active):
  custom:video-decoder-ogg-theora: a1e56fd34408186e4bbccfd4996cb3dc -> 
  custom:container-muxer-webm: aa71ff27fc2769a1b78a27578f13a17b -> 
  custom:container-demuxer-webm: 4f35f7cbe854078d1ac9338744f61a02 -> 
  custom:video-encoder-webm-vp8: eb34c28f22e8b96e1ab97ce403110664 -> 
  custom:video-codec-MediaFoundation-h265: 746d11721c4dcdbdad8f713fa42b33f4 -> 
  custom:audio-encoder-webm-vorbis: bf7c407c2cedff20999df2af8eb42d56 -> 
  custom:framework-win-MediaFoundation: 216162199b28c13a410421893ffa2e32 -> 
  custom:container-demuxer-ogg: 62fdf1f143b41e24485cea50d1cbac27 -> 
  custom:video-decoder-webm-vp8: 9c59270c3fd7afecdb556c50c9e8de78 -> 
  custom:audio-decoder-ogg-vorbis: bf7c407c2cedff20999df2af8eb42d56 -> 
========================================================================
Received Import Request.
  Time since last request: 107267.697907 seconds.
  path: Assets/Scenes
  artifactKey: Guid(6ea315d0fd7389c41b19996891e99ae3) Importer(815301076,1909f56bfc062723c751e8b465ee728b)
Start importing Assets/Scenes using Guid(6ea315d0fd7389c41b19996891e99ae3) Importer(815301076,1909f56bfc062723c751e8b465ee728b)  -> (artifact id: 'b8193726cff86800c54781cdc6d54904') in 0.026273 seconds 
========================================================================
Received Import Request.
  Time since last request: 0.000046 seconds.
  path: Assets/Models
  artifactKey: Guid(8d0fc2b94cb8eb2469915e40a91c79b3) Importer(815301076,1909f56bfc062723c751e8b465ee728b)
Start importing Assets/Models using Guid(8d0fc2b94cb8eb2469915e40a91c79b3) Importer(815301076,1909f56bfc062723c751e8b465ee728b)  -> (artifact id: '0a3ef85b5db0f51b6c49ff09852468e4') in 0.066996 seconds 
========================================================================
Received Import Request.
  Time since last request: 0.000031 seconds.
  path: Assets/Scenes/SampleScene.unity
  artifactKey: Guid(9fc0d4010bbf28b4594072e72b8655ab) Importer(815301076,1909f56bfc062723c751e8b465ee728b)
Start importing Assets/Scenes/SampleScene.unity using Guid(9fc0d4010bbf28b4594072e72b8655ab) Importer(815301076,1909f56bfc062723c751e8b465ee728b)  -> (artifact id: 'e55ccaa32d8e5c1de03c07a5412c8c3c') in 0.022507 seconds 
========================================================================
Received Import Request.
  Time since last request: 52.236539 seconds.
  path: Assets/Models/goofy/textures
  artifactKey: Guid(3878b6d869223ea48bfc35a89569f562) Importer(815301076,1909f56bfc062723c751e8b465ee728b)
Start importing Assets/Models/goofy/textures using Guid(3878b6d869223ea48bfc35a89569f562) Importer(815301076,1909f56bfc062723c751e8b465ee728b)  -> (artifact id: '04fd32cf7faf46448e6ee63593a9770f') in 0.399799 seconds 
========================================================================
Received Import Request.
  Time since last request: 0.000024 seconds.
  path: Assets/Models/goofy/textures/Doc-head-R-512.png
  artifactKey: Guid(aeb4ec921717b404fae726c169648006) Importer(815301076,1909f56bfc062723c751e8b465ee728b)
Start importing Assets/Models/goofy/textures/Doc-head-R-512.png using Guid(aeb4ec921717b404fae726c169648006) Importer(815301076,1909f56bfc062723c751e8b465ee728b)  -> (artifact id: '9d6b40f945ff385a8d45450cd7544312') in 0.348982 seconds 
========================================================================
Received Import Request.
  Time since last request: 0.000083 seconds.
  path: Assets/Models/goofy/textures/Doc-head-N-512.png
  artifactKey: Guid(32a8a2ffaf5db3d469642146217e2763) Importer(815301076,1909f56bfc062723c751e8b465ee728b)
Start importing Assets/Models/goofy/textures/Doc-head-N-512.png using Guid(32a8a2ffaf5db3d469642146217e2763) Importer(815301076,1909f56bfc062723c751e8b465ee728b)  -> (artifact id: '0f6a68bc2c1cc9c08021d005bb902752') in 0.195745 seconds 
========================================================================
Received Import Request.
  Time since last request: 0.000058 seconds.
  path: Assets/Models/goofy/textures/Doc-R-1024.png
  artifactKey: Guid(af05a9e9be89b5344a6c088a73933dae) Importer(815301076,1909f56bfc062723c751e8b465ee728b)
Start importing Assets/Models/goofy/textures/Doc-R-1024.png using Guid(af05a9e9be89b5344a6c088a73933dae) Importer(815301076,1909f56bfc062723c751e8b465ee728b)  -> (artifact id: '526cb9e40d8863eeed90fb09410b0b3d') in 0.139758 seconds 
========================================================================
Received Import Request.
  Time since last request: 74.631002 seconds.
  path: Assets/Models/sex
  artifactKey: Guid(092d1355dcc4a10409b8d2c2d41dc7e7) Importer(815301076,1909f56bfc062723c751e8b465ee728b)
Start importing Assets/Models/sex using Guid(092d1355dcc4a10409b8d2c2d41dc7e7) Importer(815301076,1909f56bfc062723c751e8b465ee728b)  -> (artifact id: 'a6abe98bd80c611dbb12c464cf1d2d7c') in 0.037055 seconds 
========================================================================
Received Import Request.
  Time since last request: 0.721390 seconds.
  path: Assets/Models/sex/source
  artifactKey: Guid(60ce5e3959654e94dad7f137a4d22139) Importer(815301076,1909f56bfc062723c751e8b465ee728b)
Start importing Assets/Models/sex/source using Guid(60ce5e3959654e94dad7f137a4d22139) Importer(815301076,1909f56bfc062723c751e8b465ee728b)  -> (artifact id: 'ec9dc82ce4925134f40114f6f69fe80d') in 0.004725 seconds 
========================================================================
Received Import Request.
  Time since last request: 213.674920 seconds.
  path: Assets/Models/doctor-sketchfab-weekly-13-mar23.zip.opdownload
  artifactKey: Guid(6bbb3327244875a46bd899dcab0563f1) Importer(815301076,1909f56bfc062723c751e8b465ee728b)
Start importing Assets/Models/doctor-sketchfab-weekly-13-mar23.zip.opdownload using Guid(6bbb3327244875a46bd899dcab0563f1) Importer(815301076,1909f56bfc062723c751e8b465ee728b)  -> (artifact id: '00000000000000000000000000000000') in 0.008352 seconds  code(4) message(Build asset version error: assets/models/doctor-sketchfab-weekly-13-mar23.zip.opdownload in SourceAssetDB has modification time of '2023-03-24T21:42:28.5339661Z' while content on disk has modification time of '2023-03-24T21:42:33.0038554Z')
  ERROR: Build asset version error: assets/models/doctor-sketchfab-weekly-13-mar23.zip.opdownload in SourceAssetDB has modification time of '2023-03-24T21:42:28.5339661Z' while content on disk has modification time of '2023-03-24T21:42:33.0038554Z'
========================================================================
Received Import Request.
  Time since last request: 12.444114 seconds.
  path: Assets/Models/doctor-sketchfab-weekly-13-mar23.zip
  artifactKey: Guid(e4a2a3c6a10eb3042a7d50305d37c18e) Importer(815301076,1909f56bfc062723c751e8b465ee728b)
Start importing Assets/Models/doctor-sketchfab-weekly-13-mar23.zip using Guid(e4a2a3c6a10eb3042a7d50305d37c18e) Importer(815301076,1909f56bfc062723c751e8b465ee728b)  -> (artifact id: '194036add6118c18e77d2526a65ec1c8') in 0.106527 seconds 
========================================================================
Received Import Request.
  Time since last request: 32.931370 seconds.
  path: Assets/Models/doctor-sketchfab-weekly-13-mar23.zip.opdownload
  artifactKey: Guid(6bbb3327244875a46bd899dcab0563f1) Importer(815301076,1909f56bfc062723c751e8b465ee728b)
Start importing Assets/Models/doctor-sketchfab-weekly-13-mar23.zip.opdownload using Guid(6bbb3327244875a46bd899dcab0563f1) Importer(815301076,1909f56bfc062723c751e8b465ee728b)  -> (artifact id: '00000000000000000000000000000000') in 0.000754 seconds  code(4) message(Build asset version error: assets/models/doctor-sketchfab-weekly-13-mar23.zip.opdownload in SourceAssetDB has modification time of '2023-03-24T21:43:18.0293165Z' while content on disk has modification time of '2023-03-24T21:43:18.543155Z')
  ERROR: Build asset version error: assets/models/doctor-sketchfab-weekly-13-mar23.zip.opdownload in SourceAssetDB has modification time of '2023-03-24T21:43:18.0293165Z' while content on disk has modification time of '2023-03-24T21:43:18.543155Z'
========================================================================
Received Import Request.
  Time since last request: 69.333910 seconds.
  path: Assets/Models/doctor-sketchfab-weekly-13-mar23
  artifactKey: Guid(ec381ac82b35b9043afe19d1825dc5a8) Importer(815301076,1909f56bfc062723c751e8b465ee728b)
Start importing Assets/Models/doctor-sketchfab-weekly-13-mar23 using Guid(ec381ac82b35b9043afe19d1825dc5a8) Importer(815301076,1909f56bfc062723c751e8b465ee728b)  -> (artifact id: '987e16225524eb21caadf41255726d4e') in 0.004503 seconds 
========================================================================
Received Import Request.
  Time since last request: 0.417344 seconds.
  path: Assets/Models/doctor-sketchfab-weekly-13-mar23/source
  artifactKey: Guid(f85c5bcfe6626574aac90ac78af79de6) Importer(815301076,1909f56bfc062723c751e8b465ee728b)
Start importing Assets/Models/doctor-sketchfab-weekly-13-mar23/source using Guid(f85c5bcfe6626574aac90ac78af79de6) Importer(815301076,1909f56bfc062723c751e8b465ee728b)  -> (artifact id: '994fbda7b54bca47dca34dde76d98444') in 0.004367 seconds 
========================================================================
Received Import Request.
  Time since last request: 28.106194 seconds.
  path: Assets/Models/doctor-sketchfab-weekly-13-mar23/textures
  artifactKey: Guid(103a75b108e26b14a9b868dee5c70323) Importer(815301076,1909f56bfc062723c751e8b465ee728b)
Start importing Assets/Models/doctor-sketchfab-weekly-13-mar23/textures using Guid(103a75b108e26b14a9b868dee5c70323) Importer(815301076,1909f56bfc062723c751e8b465ee728b)  -> (artifact id: '323e05942635cb00e5b5886fbe87fa04') in 0.093619 seconds 
========================================================================
Received Import Request.
  Time since last request: 0.000048 seconds.
  path: Assets/Models/doctor-sketchfab-weekly-13-mar23/textures/Azri_Head_Albedo.png
  artifactKey: Guid(79d927db5bd196f4ead143a78eae295c) Importer(815301076,1909f56bfc062723c751e8b465ee728b)
Start importing Assets/Models/doctor-sketchfab-weekly-13-mar23/textures/Azri_Head_Albedo.png using Guid(79d927db5bd196f4ead143a78eae295c) Importer(815301076,1909f56bfc062723c751e8b465ee728b)  -> (artifact id: '298acd78a4bd25478a49544cd0b5b8ad') in 0.170778 seconds 
========================================================================
Received Import Request.
  Time since last request: 0.000043 seconds.
  path: Assets/Models/doctor-sketchfab-weekly-13-mar23/textures/Azri_Body_Normal.png
  artifactKey: Guid(2a69d718b3835c142bb6ed8816fdd37f) Importer(815301076,1909f56bfc062723c751e8b465ee728b)
Start importing Assets/Models/doctor-sketchfab-weekly-13-mar23/textures/Azri_Body_Normal.png using Guid(2a69d718b3835c142bb6ed8816fdd37f) Importer(815301076,1909f56bfc062723c751e8b465ee728b)  -> (artifact id: '4904a347058fb723553183b64455c24c') in 0.187329 seconds 
========================================================================
Received Import Request.
  Time since last request: 0.000112 seconds.
  path: Assets/Models/doctor-sketchfab-weekly-13-mar23/textures/sword_normal.png
  artifactKey: Guid(5f97b0289be756b4392e5564e1ee7811) Importer(815301076,1909f56bfc062723c751e8b465ee728b)
Start importing Assets/Models/doctor-sketchfab-weekly-13-mar23/textures/sword_normal.png using Guid(5f97b0289be756b4392e5564e1ee7811) Importer(815301076,1909f56bfc062723c751e8b465ee728b)  -> (artifact id: '5518d37d19cc23a7dc6bb997f80bad07') in 0.140633 seconds 
========================================================================
Received Import Request.
  Time since last request: 0.000026 seconds.
  path: Assets/Models/doctor-sketchfab-weekly-13-mar23/textures/Azri_Body_Spec.png
  artifactKey: Guid(56fc708c3fc20034f9def6d414f9608d) Importer(815301076,1909f56bfc062723c751e8b465ee728b)
Start importing Assets/Models/doctor-sketchfab-weekly-13-mar23/textures/Azri_Body_Spec.png using Guid(56fc708c3fc20034f9def6d414f9608d) Importer(815301076,1909f56bfc062723c751e8b465ee728b)  -> (artifact id: '638487c7ac4f3cf6c28ada7b7568f9b8') in 0.110557 seconds 
========================================================================
Received Import Request.
  Time since last request: 0.000018 seconds.
  path: Assets/Models/doctor-sketchfab-weekly-13-mar23/textures/Azri_Head_Emissive.png
  artifactKey: Guid(4f05c85c24357bd4bbdb51e685f61b7f) Importer(815301076,1909f56bfc062723c751e8b465ee728b)
Start importing Assets/Models/doctor-sketchfab-weekly-13-mar23/textures/Azri_Head_Emissive.png using Guid(4f05c85c24357bd4bbdb51e685f61b7f) Importer(815301076,1909f56bfc062723c751e8b465ee728b)  -> (artifact id: 'ae5863294154c0bd551cefe87f1f2156') in 0.065237 seconds 
========================================================================
Received Prepare
Registering precompiled user dll's ...
Registered in 0.005643 seconds.
Begin MonoManager ReloadAssembly
Symbol file LoadedFromMemory doesn't match image E:\Games\My Games\Griddy Ahh Game\Library\PackageCache\com.unity.visualscripting@1.7.8\Editor\VisualScripting.Core\Dependencies\YamlDotNet\Unity.VisualScripting.YamlDotNet.dll
Symbol file LoadedFromMemory doesn't match image E:\Games\My Games\Griddy Ahh Game\Library\PackageCache\com.unity.visualscripting@1.7.8\Editor\VisualScripting.Core\Dependencies\DotNetZip\Unity.VisualScripting.IonicZip.dll
Native extension for WindowsStandalone target not found
Native extension for WebGL target not found
Refreshing native plugins compatible for Editor in 0.82 ms, found 3 plugins.
Preloading 0 native plugins for Editor in 0.00 ms.
Mono: successfully reloaded assembly
- Completed reload, in  2.118 seconds
Domain Reload Profiling:
	ReloadAssembly (2119ms)
		BeginReloadAssembly (296ms)
			ExecutionOrderSort (0ms)
			DisableScriptedObjects (6ms)
			BackupInstance (0ms)
			ReleaseScriptingObjects (0ms)
			CreateAndSetChildDomain (66ms)
		EndReloadAssembly (1558ms)
			LoadAssemblies (833ms)
			RebuildTransferFunctionScriptingTraits (0ms)
			SetupTypeCache (349ms)
			ReleaseScriptCaches (1ms)
			RebuildScriptCaches (42ms)
			SetupLoadedEditorAssemblies (392ms)
				LogAssemblyErrors (0ms)
				InitializePlatformSupportModulesInManaged (14ms)
				SetLoadedEditorAssemblies (1ms)
				RefreshPlugins (1ms)
				BeforeProcessingInitializeOnLoad (70ms)
				ProcessInitializeOnLoadAttributes (269ms)
				ProcessInitializeOnLoadMethodAttributes (29ms)
				AfterProcessingInitializeOnLoad (7ms)
				EditorAssembliesLoaded (0ms)
			ExecutionOrderSort2 (0ms)
			AwakeInstancesAfterBackupRestoration (7ms)
Platform modules already initialized, skipping
Refreshing native plugins compatible for Editor in 2.60 ms, found 3 plugins.
Preloading 0 native plugins for Editor in 0.00 ms.
Unloading 3372 Unused Serialized files (Serialized files now loaded: 0)
Unloading 20 unused Assets / (78.1 KB). Loaded Objects now: 3843.
Memory consumption went from 120.8 MB to 120.7 MB.
Total: 6.552000 ms (FindLiveObjects: 0.396500 ms CreateObjectMapping: 0.213100 ms MarkObjects: 5.814100 ms  DeleteObjects: 0.126700 ms)

AssetImportParameters requested are different than current active one (requested -> active):
  custom:video-decoder-ogg-theora: a1e56fd34408186e4bbccfd4996cb3dc -> 
  custom:container-muxer-webm: aa71ff27fc2769a1b78a27578f13a17b -> 
  custom:container-demuxer-webm: 4f35f7cbe854078d1ac9338744f61a02 -> 
  custom:video-encoder-webm-vp8: eb34c28f22e8b96e1ab97ce403110664 -> 
  custom:video-codec-MediaFoundation-h265: 746d11721c4dcdbdad8f713fa42b33f4 -> 
  custom:audio-encoder-webm-vorbis: bf7c407c2cedff20999df2af8eb42d56 -> 
  custom:framework-win-MediaFoundation: 216162199b28c13a410421893ffa2e32 -> 
  custom:container-demuxer-ogg: 62fdf1f143b41e24485cea50d1cbac27 -> 
  custom:video-decoder-webm-vp8: 9c59270c3fd7afecdb556c50c9e8de78 -> 
  custom:audio-decoder-ogg-vorbis: bf7c407c2cedff20999df2af8eb42d56 -> 
========================================================================
Received Import Request.
  Time since last request: 140.249720 seconds.
  path: Assets/Models/peter-griffin.zip
  artifactKey: Guid(6e2cd76dbbe418d4e811583ae899afc9) Importer(815301076,1909f56bfc062723c751e8b465ee728b)
Start importing Assets/Models/peter-griffin.zip using Guid(6e2cd76dbbe418d4e811583ae899afc9) Importer(815301076,1909f56bfc062723c751e8b465ee728b)  -> (artifact id: '26b18955517833ebc4c08be1a4c98d3f') in 0.048076 seconds 
========================================================================
Received Import Request.
  Time since last request: 0.869949 seconds.
  path: Assets/Models/peter-griffin
  artifactKey: Guid(c1b1920c95c080b4ba263b628aa4b115) Importer(815301076,1909f56bfc062723c751e8b465ee728b)
Start importing Assets/Models/peter-griffin using Guid(c1b1920c95c080b4ba263b628aa4b115) Importer(815301076,1909f56bfc062723c751e8b465ee728b)  -> (artifact id: 'aad61efc440f49f0648ca17496b92f96') in 0.064573 seconds 
========================================================================
Received Import Request.
  Time since last request: 0.589852 seconds.
  path: Assets/Models/peter-griffin/source
  artifactKey: Guid(8830ec24e0dbabc479aa5ee17647336e) Importer(815301076,1909f56bfc062723c751e8b465ee728b)
Start importing Assets/Models/peter-griffin/source using Guid(8830ec24e0dbabc479aa5ee17647336e) Importer(815301076,1909f56bfc062723c751e8b465ee728b)  -> (artifact id: '9b5e91d0b2d01d6a95dd58cdca57ff9b') in 0.003622 seconds 
========================================================================
Received Import Request.
  Time since last request: 4.006904 seconds.
  path: Assets/Models/peter-griffin/source/Peter.glb
  artifactKey: Guid(31727ffe8a95a8547a6d85bb049c96bb) Importer(815301076,1909f56bfc062723c751e8b465ee728b)
Start importing Assets/Models/peter-griffin/source/Peter.glb using Guid(31727ffe8a95a8547a6d85bb049c96bb) Importer(815301076,1909f56bfc062723c751e8b465ee728b)  -> (artifact id: '8cde3b96cd0300580b4b079c51e559d1') in 0.098419 seconds 
========================================================================
Received Import Request.
  Time since last request: 75.682703 seconds.
  path: Assets/Models/petar_griffin
  artifactKey: Guid(e7da756251aa0af479ac71e1e29f746c) Importer(815301076,1909f56bfc062723c751e8b465ee728b)
Start importing Assets/Models/petar_griffin using Guid(e7da756251aa0af479ac71e1e29f746c) Importer(815301076,1909f56bfc062723c751e8b465ee728b)  -> (artifact id: '3d6cefd5f5aa7940a2cfd20e668eb79b') in 0.010026 seconds 
========================================================================
Received Import Request.
  Time since last request: 3.379008 seconds.
  path: Assets/Models/petar_griffin/textures
  artifactKey: Guid(956d9996795d2cc4f8882de798ed524b) Importer(815301076,1909f56bfc062723c751e8b465ee728b)
Start importing Assets/Models/petar_griffin/textures using Guid(956d9996795d2cc4f8882de798ed524b) Importer(815301076,1909f56bfc062723c751e8b465ee728b)  -> (artifact id: '84073744799963bacb728149d150bbd7') in 0.015666 seconds 
========================================================================
Received Import Request.
  Time since last request: 0.019943 seconds.
  path: Assets/Models/petar_griffin/textures/material_1_specularGlossiness.png
  artifactKey: Guid(d49841110a9d0db4dae60131870bff5e) Importer(815301076,1909f56bfc062723c751e8b465ee728b)
Start importing Assets/Models/petar_griffin/textures/material_1_specularGlossiness.png using Guid(d49841110a9d0db4dae60131870bff5e) Importer(815301076,1909f56bfc062723c751e8b465ee728b)  -> (artifact id: 'c5b38b5cce6c41c8f15abf040c4188d3') in 0.095560 seconds 
========================================================================
Received Import Request.
  Time since last request: 0.000018 seconds.
  path: Assets/Models/petar_griffin/textures/material_4_diffuse.png
  artifactKey: Guid(a2b0aab60adee34489d109918837e556) Importer(815301076,1909f56bfc062723c751e8b465ee728b)
Start importing Assets/Models/petar_griffin/textures/material_4_diffuse.png using Guid(a2b0aab60adee34489d109918837e556) Importer(815301076,1909f56bfc062723c751e8b465ee728b)  -> (artifact id: '374f675137bbac90cc11c7dcafc70a23') in 0.049567 seconds 
========================================================================
Received Import Request.
  Time since last request: 0.000024 seconds.
  path: Assets/Models/petar_griffin/textures/material_specularGlossiness.png
  artifactKey: Guid(55117b9c803a0594ea84aa9538feb0f5) Importer(815301076,1909f56bfc062723c751e8b465ee728b)
Start importing Assets/Models/petar_griffin/textures/material_specularGlossiness.png using Guid(55117b9c803a0594ea84aa9538feb0f5) Importer(815301076,1909f56bfc062723c751e8b465ee728b)  -> (artifact id: '2fb3ef45bafdb036c0d43dfd450cada4') in 0.026832 seconds 
========================================================================
Received Import Request.
  Time since last request: 0.000068 seconds.
  path: Assets/Models/petar_griffin/textures/material_3_specularGlossiness.png
  artifactKey: Guid(9be11fe98ffd0c74dbb9736e197715b5) Importer(815301076,1909f56bfc062723c751e8b465ee728b)
Start importing Assets/Models/petar_griffin/textures/material_3_specularGlossiness.png using Guid(9be11fe98ffd0c74dbb9736e197715b5) Importer(815301076,1909f56bfc062723c751e8b465ee728b)  -> (artifact id: '0c4a88bec60728adc4b0b6cb279c1f2f') in 0.057248 seconds 
========================================================================
Received Import Request.
  Time since last request: 261.727600 seconds.
  path: Assets/Models/Player.mat
  artifactKey: Guid(6bce807d5dc411c438a794cccaeed30e) Importer(815301076,1909f56bfc062723c751e8b465ee728b)
Start importing Assets/Models/Player.mat using Guid(6bce807d5dc411c438a794cccaeed30e) Importer(815301076,1909f56bfc062723c751e8b465ee728b)  -> (artifact id: '468292d83af4a3b98e88c034d8b2fd76') in 0.189516 seconds 
========================================================================
Received Import Request.
  Time since last request: 250.577365 seconds.
  path: Assets/Models/p185846_n165082_cc_v9_aa.jpg
  artifactKey: Guid(e611ce6332e752041b9218c8aea24562) Importer(815301076,1909f56bfc062723c751e8b465ee728b)
Start importing Assets/Models/p185846_n165082_cc_v9_aa.jpg using Guid(e611ce6332e752041b9218c8aea24562) Importer(815301076,1909f56bfc062723c751e8b465ee728b)  -> (artifact id: 'd5a0e960e52ef06a3c405dae6433f393') in 0.067881 seconds 
========================================================================
Received Import Request.
  Time since last request: 806.097259 seconds.
  path: Assets
  artifactKey: Guid(00000000000000001000000000000000) Importer(815301076,1909f56bfc062723c751e8b465ee728b)
Start importing Assets using Guid(00000000000000001000000000000000) Importer(815301076,1909f56bfc062723c751e8b465ee728b)  -> (artifact id: '79842766b460edbeab6a34051e857a80') in 0.107679 seconds 
========================================================================
Received Import Request.
  Time since last request: 5.486522 seconds.
  path: Assets/Scripts
  artifactKey: Guid(8a03eb34cce5da14d94edab8583b7177) Importer(815301076,1909f56bfc062723c751e8b465ee728b)
Start importing Assets/Scripts using Guid(8a03eb34cce5da14d94edab8583b7177) Importer(815301076,1909f56bfc062723c751e8b465ee728b)  -> (artifact id: '9d3eb9cad9ffafd05cd437098f03cff3') in 0.092561 seconds 
