Using pre-set license
Built from '2021.3/staging' branch; Version is '2021.3.7f1 (24e8595d6d43) revision 2418777'; Using compiler version '192829333'; Build Type 'Release'
OS: 'Windows 11  (10.0.22621) 64bit Core' Language: 'en' Physical Memory: 8063 MB
BatchMode: 1, IsHumanControllingUs: 0, StartBugReporterOnCrash: 0, Is64bit: 1, IsPro: 1

COMMAND LINE ARGUMENTS:
C:\Program Files\Unity\Hub\Editor\2021.3.7f1\Editor\Unity.exe
-adb2
-batchMode
-noUpm
-name
AssetImportWorker3
-projectPath
E:/Games/My Games/Griddy Ahh Game
-logFile
Logs/AssetImportWorker3.log
-srvPort
55796
Successfully changed project path to: E:/Games/My Games/Griddy Ahh Game
E:/Games/My Games/Griddy Ahh Game
[UnityMemory] Configuration Parameters - Can be set up in boot.config
    "memorysetup-bucket-allocator-granularity=16"
    "memorysetup-bucket-allocator-bucket-count=8"
    "memorysetup-bucket-allocator-block-size=33554432"
    "memorysetup-bucket-allocator-block-count=8"
    "memorysetup-main-allocator-block-size=16777216"
    "memorysetup-thread-allocator-block-size=16777216"
    "memorysetup-gfx-main-allocator-block-size=16777216"
    "memorysetup-gfx-thread-allocator-block-size=16777216"
    "memorysetup-cache-allocator-block-size=4194304"
    "memorysetup-typetree-allocator-block-size=2097152"
    "memorysetup-profiler-bucket-allocator-granularity=16"
    "memorysetup-profiler-bucket-allocator-bucket-count=8"
    "memorysetup-profiler-bucket-allocator-block-size=33554432"
    "memorysetup-profiler-bucket-allocator-block-count=8"
    "memorysetup-profiler-allocator-block-size=16777216"
    "memorysetup-profiler-editor-allocator-block-size=1048576"
    "memorysetup-temp-allocator-size-main=16777216"
    "memorysetup-job-temp-allocator-block-size=2097152"
    "memorysetup-job-temp-allocator-block-size-background=1048576"
    "memorysetup-job-temp-allocator-reduction-small-platforms=262144"
    "memorysetup-temp-allocator-size-background-worker=32768"
    "memorysetup-temp-allocator-size-job-worker=262144"
    "memorysetup-temp-allocator-size-preload-manager=33554432"
    "memorysetup-temp-allocator-size-nav-mesh-worker=65536"
    "memorysetup-temp-allocator-size-audio-worker=65536"
    "memorysetup-temp-allocator-size-cloud-worker=32768"
    "memorysetup-temp-allocator-size-gi-baking-worker=262144"
    "memorysetup-temp-allocator-size-gfx=262144"
Refreshing native plugins compatible for Editor in 210.52 ms, found 3 plugins.
Preloading 0 native plugins for Editor in 0.00 ms.
Initialize engine version: 2021.3.7f1 (24e8595d6d43)
[Subsystems] Discovering subsystems at path C:/Program Files/Unity/Hub/Editor/2021.3.7f1/Editor/Data/Resources/UnitySubsystems
[Subsystems] Discovering subsystems at path E:/Games/My Games/Griddy Ahh Game/Assets
GfxDevice: creating device client; threaded=0; jobified=0
Direct3D:
    Version:  Direct3D 11.0 [level 11.1]
    Renderer: Intel(R) UHD Graphics 630 (ID=0x3e9b)
    Vendor:   Intel
    VRAM:     4031 MB
Initialize mono
Mono path[0] = 'C:/Program Files/Unity/Hub/Editor/2021.3.7f1/Editor/Data/Managed'
Mono path[1] = 'C:/Program Files/Unity/Hub/Editor/2021.3.7f1/Editor/Data/MonoBleedingEdge/lib/mono/unityjit-win32'
Mono config path = 'C:/Program Files/Unity/Hub/Editor/2021.3.7f1/Editor/Data/MonoBleedingEdge/etc'
Using monoOptions --debugger-agent=transport=dt_socket,embedding=1,server=y,suspend=n,address=127.0.0.1:56780
Begin MonoManager ReloadAssembly
Registering precompiled unity dll's ...
Register platform support module: C:/Program Files/Unity/Hub/Editor/2021.3.7f1/Editor/Data/PlaybackEngines/WebGLSupport/UnityEditor.WebGL.Extensions.dll
Register platform support module: C:/Program Files/Unity/Hub/Editor/2021.3.7f1/Editor/Data/PlaybackEngines/WindowsStandaloneSupport/UnityEditor.WindowsStandalone.Extensions.dll
Registered in 0.006610 seconds.
Native extension for WindowsStandalone target not found
Native extension for WebGL target not found
Refreshing native plugins compatible for Editor in 96.00 ms, found 3 plugins.
Preloading 0 native plugins for Editor in 0.00 ms.
Mono: successfully reloaded assembly
- Completed reload, in  0.791 seconds
Domain Reload Profiling:
	ReloadAssembly (792ms)
		BeginReloadAssembly (92ms)
			ExecutionOrderSort (0ms)
			DisableScriptedObjects (0ms)
			BackupInstance (0ms)
			ReleaseScriptingObjects (0ms)
			CreateAndSetChildDomain (1ms)
		EndReloadAssembly (576ms)
			LoadAssemblies (90ms)
			RebuildTransferFunctionScriptingTraits (0ms)
			SetupTypeCache (134ms)
			ReleaseScriptCaches (0ms)
			RebuildScriptCaches (45ms)
			SetupLoadedEditorAssemblies (342ms)
				LogAssemblyErrors (0ms)
				InitializePlatformSupportModulesInManaged (12ms)
				SetLoadedEditorAssemblies (0ms)
				RefreshPlugins (96ms)
				BeforeProcessingInitializeOnLoad (1ms)
				ProcessInitializeOnLoadAttributes (179ms)
				ProcessInitializeOnLoadMethodAttributes (53ms)
				AfterProcessingInitializeOnLoad (0ms)
				EditorAssembliesLoaded (0ms)
			ExecutionOrderSort2 (0ms)
			AwakeInstancesAfterBackupRestoration (0ms)
Platform modules already initialized, skipping
Registering precompiled user dll's ...
Registered in 0.006978 seconds.
Begin MonoManager ReloadAssembly
Symbol file LoadedFromMemory doesn't match image E:\Games\My Games\Griddy Ahh Game\Library\PackageCache\com.unity.visualscripting@1.7.8\Editor\VisualScripting.Core\Dependencies\YamlDotNet\Unity.VisualScripting.YamlDotNet.dll
Symbol file LoadedFromMemory doesn't match image E:\Games\My Games\Griddy Ahh Game\Library\PackageCache\com.unity.visualscripting@1.7.8\Editor\VisualScripting.Core\Dependencies\DotNetZip\Unity.VisualScripting.IonicZip.dll
Native extension for WindowsStandalone target not found
Native extension for WebGL target not found
Refreshing native plugins compatible for Editor in 0.51 ms, found 3 plugins.
Preloading 0 native plugins for Editor in 0.00 ms.
Mono: successfully reloaded assembly
- Completed reload, in  2.759 seconds
Domain Reload Profiling:
	ReloadAssembly (2760ms)
		BeginReloadAssembly (207ms)
			ExecutionOrderSort (0ms)
			DisableScriptedObjects (7ms)
			BackupInstance (0ms)
			ReleaseScriptingObjects (0ms)
			CreateAndSetChildDomain (28ms)
		EndReloadAssembly (2236ms)
			LoadAssemblies (1289ms)
			RebuildTransferFunctionScriptingTraits (0ms)
			SetupTypeCache (422ms)
			ReleaseScriptCaches (1ms)
			RebuildScriptCaches (55ms)
			SetupLoadedEditorAssemblies (442ms)
				LogAssemblyErrors (0ms)
				InitializePlatformSupportModulesInManaged (7ms)
				SetLoadedEditorAssemblies (0ms)
				RefreshPlugins (1ms)
				BeforeProcessingInitializeOnLoad (93ms)
				ProcessInitializeOnLoadAttributes (298ms)
				ProcessInitializeOnLoadMethodAttributes (36ms)
				AfterProcessingInitializeOnLoad (8ms)
				EditorAssembliesLoaded (0ms)
			ExecutionOrderSort2 (0ms)
			AwakeInstancesAfterBackupRestoration (7ms)
Platform modules already initialized, skipping
========================================================================
Worker process is ready to serve import requests
Launched and connected shader compiler UnityShaderCompiler.exe after 0.07 seconds
Refreshing native plugins compatible for Editor in 0.51 ms, found 3 plugins.
Preloading 0 native plugins for Editor in 0.00 ms.
Unloading 3377 Unused Serialized files (Serialized files now loaded: 0)
Unloading 27 unused Assets / (110.9 KB). Loaded Objects now: 3835.
Memory consumption went from 116.4 MB to 116.3 MB.
Total: 6.252000 ms (FindLiveObjects: 0.773000 ms CreateObjectMapping: 0.311300 ms MarkObjects: 4.127000 ms  DeleteObjects: 1.039100 ms)

AssetImportParameters requested are different than current active one (requested -> active):
  custom:video-decoder-ogg-theora: a1e56fd34408186e4bbccfd4996cb3dc -> 
  custom:container-muxer-webm: aa71ff27fc2769a1b78a27578f13a17b -> 
  custom:container-demuxer-webm: 4f35f7cbe854078d1ac9338744f61a02 -> 
  custom:video-encoder-webm-vp8: eb34c28f22e8b96e1ab97ce403110664 -> 
  custom:video-codec-MediaFoundation-h265: 746d11721c4dcdbdad8f713fa42b33f4 -> 
  custom:audio-encoder-webm-vorbis: bf7c407c2cedff20999df2af8eb42d56 -> 
  custom:framework-win-MediaFoundation: 216162199b28c13a410421893ffa2e32 -> 
  custom:container-demuxer-ogg: 62fdf1f143b41e24485cea50d1cbac27 -> 
  custom:video-decoder-webm-vp8: 9c59270c3fd7afecdb556c50c9e8de78 -> 
  custom:audio-decoder-ogg-vorbis: bf7c407c2cedff20999df2af8eb42d56 -> 
========================================================================
Received Import Request.
  Time since last request: 107267.697928 seconds.
  path: Assets/Models/goofy
  artifactKey: Guid(9043af6aab9d98a4495d18b87ff15e58) Importer(815301076,1909f56bfc062723c751e8b465ee728b)
Start importing Assets/Models/goofy using Guid(9043af6aab9d98a4495d18b87ff15e58) Importer(815301076,1909f56bfc062723c751e8b465ee728b)  -> (artifact id: '6fab2860186a28db684f98919da09bd0') in 0.026195 seconds 
========================================================================
Received Import Request.
  Time since last request: 0.000035 seconds.
  path: Assets/Models/goofy/source
  artifactKey: Guid(faab95e43390d8a469e5b39d3ac77660) Importer(815301076,1909f56bfc062723c751e8b465ee728b)
Start importing Assets/Models/goofy/source using Guid(faab95e43390d8a469e5b39d3ac77660) Importer(815301076,1909f56bfc062723c751e8b465ee728b)  -> (artifact id: '4b2c7769df502418a47ad65069ea3786') in 0.023778 seconds 
========================================================================
Received Import Request.
  Time since last request: 0.000048 seconds.
  path: Assets/Models/goofy/source/Doctor.fbx
  artifactKey: Guid(1ce34c852dbea7b4996d09ff77055353) Importer(815301076,1909f56bfc062723c751e8b465ee728b)
Start importing Assets/Models/goofy/source/Doctor.fbx using Guid(1ce34c852dbea7b4996d09ff77055353) Importer(815301076,1909f56bfc062723c751e8b465ee728b)  -> (artifact id: '519dd003370ab2a7c4b5e9edaa14815c') in 0.663744 seconds 
========================================================================
Received Import Request.
  Time since last request: 51.729895 seconds.
  path: Assets/Models/goofy/textures/Doc-D-1024.png
  artifactKey: Guid(cc8ef3efda0b9e54caac949ff3aedcd7) Importer(815301076,1909f56bfc062723c751e8b465ee728b)
Start importing Assets/Models/goofy/textures/Doc-D-1024.png using Guid(cc8ef3efda0b9e54caac949ff3aedcd7) Importer(815301076,1909f56bfc062723c751e8b465ee728b)  -> (artifact id: '3f4b9ae81b9a992606aeb2d031885a2f') in 0.613959 seconds 
========================================================================
Received Import Request.
  Time since last request: 0.000029 seconds.
  path: Assets/Models/goofy/textures/Doc-N-1024.png
  artifactKey: Guid(0c78f57c0f0a1674ca193c6843644830) Importer(815301076,1909f56bfc062723c751e8b465ee728b)
Start importing Assets/Models/goofy/textures/Doc-N-1024.png using Guid(0c78f57c0f0a1674ca193c6843644830) Importer(815301076,1909f56bfc062723c751e8b465ee728b)  -> (artifact id: 'c39806195339102513e481ba094830b5') in 0.204580 seconds 
========================================================================
Received Import Request.
  Time since last request: 0.000032 seconds.
  path: Assets/Models/goofy/textures/Doc-head-D-512.png
  artifactKey: Guid(25c4fea82ec8ae14b8e973193d457870) Importer(815301076,1909f56bfc062723c751e8b465ee728b)
Start importing Assets/Models/goofy/textures/Doc-head-D-512.png using Guid(25c4fea82ec8ae14b8e973193d457870) Importer(815301076,1909f56bfc062723c751e8b465ee728b)  -> (artifact id: '51d0e2a6a43c126db8c764fc10eafb55') in 0.134386 seconds 
========================================================================
Received Import Request.
  Time since last request: 0.000034 seconds.
  path: Assets/Models/goofy/textures/Doc-M-1024.png
  artifactKey: Guid(7b5a0be469a3f9945a7911480b8ad9f8) Importer(815301076,1909f56bfc062723c751e8b465ee728b)
Start importing Assets/Models/goofy/textures/Doc-M-1024.png using Guid(7b5a0be469a3f9945a7911480b8ad9f8) Importer(815301076,1909f56bfc062723c751e8b465ee728b)  -> (artifact id: '61bf712f6372961ccfc8859e5b480fd8') in 0.098335 seconds 
========================================================================
Received Import Request.
  Time since last request: 75.584212 seconds.
  path: Assets/Models/sex/source/base mesh-8.fbx
  artifactKey: Guid(d3f59be4f23e8934dafdcc78b83d0c7a) Importer(815301076,1909f56bfc062723c751e8b465ee728b)
Start importing Assets/Models/sex/source/base mesh-8.fbx using Guid(d3f59be4f23e8934dafdcc78b83d0c7a) Importer(815301076,1909f56bfc062723c751e8b465ee728b)  -> (artifact id: '52d8d138abab6ac4335bc5dae72cc10d') in 0.062621 seconds 
========================================================================
Received Import Request.
  Time since last request: 329.255120 seconds.
  path: Assets/Models/doctor-sketchfab-weekly-13-mar23/source/Azri_Griddy.fbx
  artifactKey: Guid(7322a397a9cea304ebfd950eb15feb70) Importer(815301076,1909f56bfc062723c751e8b465ee728b)
Start importing Assets/Models/doctor-sketchfab-weekly-13-mar23/source/Azri_Griddy.fbx using Guid(7322a397a9cea304ebfd950eb15feb70) Importer(815301076,1909f56bfc062723c751e8b465ee728b)  -> (artifact id: 'fc5459d261a5935300da7c756526f6d0') in 0.752575 seconds 
========================================================================
Received Import Request.
  Time since last request: 27.374226 seconds.
  path: Assets/Models/doctor-sketchfab-weekly-13-mar23/textures/Azri_Body_Albedo.png
  artifactKey: Guid(5323d479fb3bd4041a5de9fd7fa1fe05) Importer(815301076,1909f56bfc062723c751e8b465ee728b)
Start importing Assets/Models/doctor-sketchfab-weekly-13-mar23/textures/Azri_Body_Albedo.png using Guid(5323d479fb3bd4041a5de9fd7fa1fe05) Importer(815301076,1909f56bfc062723c751e8b465ee728b)  -> (artifact id: '71acec009aa7dad6b1227a51ee082040') in 0.077076 seconds 
========================================================================
Received Import Request.
  Time since last request: 0.000042 seconds.
  path: Assets/Models/doctor-sketchfab-weekly-13-mar23/textures/sword_albedo.png
  artifactKey: Guid(852e2acdf584398499d8f299cdbb77d9) Importer(815301076,1909f56bfc062723c751e8b465ee728b)
Start importing Assets/Models/doctor-sketchfab-weekly-13-mar23/textures/sword_albedo.png using Guid(852e2acdf584398499d8f299cdbb77d9) Importer(815301076,1909f56bfc062723c751e8b465ee728b)  -> (artifact id: 'de78a582f7aa32beaa9ad81524c24679') in 0.143455 seconds 
========================================================================
Received Import Request.
  Time since last request: 0.000319 seconds.
  path: Assets/Models/doctor-sketchfab-weekly-13-mar23/textures/Azri_Head_Normal.png
  artifactKey: Guid(4094a2efa67895844b2a66cdb9c6effe) Importer(815301076,1909f56bfc062723c751e8b465ee728b)
Start importing Assets/Models/doctor-sketchfab-weekly-13-mar23/textures/Azri_Head_Normal.png using Guid(4094a2efa67895844b2a66cdb9c6effe) Importer(815301076,1909f56bfc062723c751e8b465ee728b)  -> (artifact id: '196a5ebb630485350be3bc2473c5b1a5') in 0.224860 seconds 
========================================================================
Received Import Request.
  Time since last request: 0.000024 seconds.
  path: Assets/Models/doctor-sketchfab-weekly-13-mar23/textures/Azri_Head_Spec.png
  artifactKey: Guid(c2dfc112014e58a4e915c6cdc826026d) Importer(815301076,1909f56bfc062723c751e8b465ee728b)
Start importing Assets/Models/doctor-sketchfab-weekly-13-mar23/textures/Azri_Head_Spec.png using Guid(c2dfc112014e58a4e915c6cdc826026d) Importer(815301076,1909f56bfc062723c751e8b465ee728b)  -> (artifact id: '578142e3d01f1d1f36892f9559fc755b') in 0.175682 seconds 
========================================================================
Received Prepare
Registering precompiled user dll's ...
Registered in 0.005570 seconds.
Begin MonoManager ReloadAssembly
Symbol file LoadedFromMemory doesn't match image E:\Games\My Games\Griddy Ahh Game\Library\PackageCache\com.unity.visualscripting@1.7.8\Editor\VisualScripting.Core\Dependencies\YamlDotNet\Unity.VisualScripting.YamlDotNet.dll
Symbol file LoadedFromMemory doesn't match image E:\Games\My Games\Griddy Ahh Game\Library\PackageCache\com.unity.visualscripting@1.7.8\Editor\VisualScripting.Core\Dependencies\DotNetZip\Unity.VisualScripting.IonicZip.dll
Native extension for WindowsStandalone target not found
Native extension for WebGL target not found
Refreshing native plugins compatible for Editor in 0.54 ms, found 3 plugins.
Preloading 0 native plugins for Editor in 0.00 ms.
Mono: successfully reloaded assembly
- Completed reload, in  2.109 seconds
Domain Reload Profiling:
	ReloadAssembly (2110ms)
		BeginReloadAssembly (260ms)
			ExecutionOrderSort (0ms)
			DisableScriptedObjects (8ms)
			BackupInstance (0ms)
			ReleaseScriptingObjects (0ms)
			CreateAndSetChildDomain (95ms)
		EndReloadAssembly (1551ms)
			LoadAssemblies (762ms)
			RebuildTransferFunctionScriptingTraits (1ms)
			SetupTypeCache (344ms)
			ReleaseScriptCaches (1ms)
			RebuildScriptCaches (43ms)
			SetupLoadedEditorAssemblies (386ms)
				LogAssemblyErrors (0ms)
				InitializePlatformSupportModulesInManaged (15ms)
				SetLoadedEditorAssemblies (0ms)
				RefreshPlugins (1ms)
				BeforeProcessingInitializeOnLoad (69ms)
				ProcessInitializeOnLoadAttributes (262ms)
				ProcessInitializeOnLoadMethodAttributes (29ms)
				AfterProcessingInitializeOnLoad (10ms)
				EditorAssembliesLoaded (0ms)
			ExecutionOrderSort2 (0ms)
			AwakeInstancesAfterBackupRestoration (7ms)
Platform modules already initialized, skipping
Refreshing native plugins compatible for Editor in 1.72 ms, found 3 plugins.
Preloading 0 native plugins for Editor in 0.00 ms.
Unloading 3372 Unused Serialized files (Serialized files now loaded: 0)
Unloading 20 unused Assets / (78.3 KB). Loaded Objects now: 3885.
Memory consumption went from 134.2 MB to 134.1 MB.
Total: 7.066400 ms (FindLiveObjects: 0.704700 ms CreateObjectMapping: 0.716500 ms MarkObjects: 5.541700 ms  DeleteObjects: 0.101000 ms)

AssetImportParameters requested are different than current active one (requested -> active):
  custom:video-decoder-ogg-theora: a1e56fd34408186e4bbccfd4996cb3dc -> 
  custom:container-muxer-webm: aa71ff27fc2769a1b78a27578f13a17b -> 
  custom:container-demuxer-webm: 4f35f7cbe854078d1ac9338744f61a02 -> 
  custom:video-encoder-webm-vp8: eb34c28f22e8b96e1ab97ce403110664 -> 
  custom:video-codec-MediaFoundation-h265: 746d11721c4dcdbdad8f713fa42b33f4 -> 
  custom:audio-encoder-webm-vorbis: bf7c407c2cedff20999df2af8eb42d56 -> 
  custom:framework-win-MediaFoundation: 216162199b28c13a410421893ffa2e32 -> 
  custom:container-demuxer-ogg: 62fdf1f143b41e24485cea50d1cbac27 -> 
  custom:video-decoder-webm-vp8: 9c59270c3fd7afecdb556c50c9e8de78 -> 
  custom:audio-decoder-ogg-vorbis: bf7c407c2cedff20999df2af8eb42d56 -> 
========================================================================
Received Import Request.
  Time since last request: 225.555009 seconds.
  path: Assets/Models/petar_griffin/textures/material_3_diffuse.png
  artifactKey: Guid(950aa7f30dad86d47811ac008d81c7b3) Importer(815301076,1909f56bfc062723c751e8b465ee728b)
Start importing Assets/Models/petar_griffin/textures/material_3_diffuse.png using Guid(950aa7f30dad86d47811ac008d81c7b3) Importer(815301076,1909f56bfc062723c751e8b465ee728b)  -> (artifact id: '908dc4100c31cf05775180f81dd00756') in 0.200166 seconds 
========================================================================
Received Import Request.
  Time since last request: 0.000037 seconds.
  path: Assets/Models/petar_griffin/textures/material_diffuse.png
  artifactKey: Guid(2565888f8dfb8c6479046c5930176ab0) Importer(815301076,1909f56bfc062723c751e8b465ee728b)
Start importing Assets/Models/petar_griffin/textures/material_diffuse.png using Guid(2565888f8dfb8c6479046c5930176ab0) Importer(815301076,1909f56bfc062723c751e8b465ee728b)  -> (artifact id: '1a20dbad0fc2daae6f897e9a0a9264a9') in 0.106760 seconds 
========================================================================
Received Import Request.
  Time since last request: 0.000038 seconds.
  path: Assets/Models/petar_griffin/textures/material_4_specularGlossiness.png
  artifactKey: Guid(4e615d66f345eb04db05a9aef52b55a7) Importer(815301076,1909f56bfc062723c751e8b465ee728b)
Start importing Assets/Models/petar_griffin/textures/material_4_specularGlossiness.png using Guid(4e615d66f345eb04db05a9aef52b55a7) Importer(815301076,1909f56bfc062723c751e8b465ee728b)  -> (artifact id: '945b10f2522567ddebf6d19d152a3243') in 0.079519 seconds 
